<?xml version="1.0" encoding="utf-8"?><testsuites name="pytest tests"><testsuite name="pytest" errors="0" failures="0" skipped="0" tests="25" time="3.129" timestamp="2026-04-26T20:03:54.937006+00:00" hostname="agent-env-d53ac045-5c02-4203-918d-79ec1e999a6d"><testcase classname="backend.tests.test_iter4_features.TestRegressionSmoke" name="test_status" time="0.372" /><testcase classname="backend.tests.test_iter4_features.TestRegressionSmoke" name="test_monitors" time="0.067" /><testcase classname="backend.tests.test_iter4_features.TestRegressionSmoke" name="test_events" time="0.062" /><testcase classname="backend.tests.test_iter4_features.TestRegressionSmoke" name="test_settings" time="0.064" /><testcase classname="backend.tests.test_iter4_features.TestRegressionSmoke" name="test_alert_rules" time="0.061" /><testcase classname="backend.tests.test_iter4_features.TestInternalSecret" name="test_missing_secret_returns_401" time="0.055" /><testcase classname="backend.tests.test_iter4_features.TestInternalSecret" name="test_wrong_secret_returns_401" time="0.058" /><testcase classname="backend.tests.test_iter4_features.TestActivityWebhook" name="test_composing_inserts_event" time="0.110" /><testcase classname="backend.tests.test_iter4_features.TestActivityWebhook" name="test_recording_inserts_event" time="0.100" /><testcase classname="backend.tests.test_iter4_features.TestLastSeenUpdate" name="test_updates_monitor_last_seen_public" time="0.070" /><testcase classname="backend.tests.test_iter4_features.TestProfileSnapshots" name="test_first_snapshot_no_event" time="0.233" /><testcase classname="backend.tests.test_iter4_features.TestProfileSnapshots" name="test_profile_change_inserts_snapshot_and_event" time="0.205" /><testcase classname="backend.tests.test_iter4_features.TestProfileSnapshots" name="test_snapshots_sorted_desc" time="0.193" /><testcase classname="backend.tests.test_iter4_features.TestHeatmap" name="test_heatmap_grid_shape_and_total" time="0.058" /><testcase classname="backend.tests.test_iter4_features.TestHeatmap" name="test_heatmap_days_clamped" time="0.099" /><testcase classname="backend.tests.test_iter4_features.TestAnomalies" name="test_insufficient_history" time="0.052" /><testcase classname="backend.tests.test_iter4_features.TestCorrelations" name="test_needs_at_least_2_monitors" time="0.059" /><testcase classname="backend.tests.test_iter4_features.TestCorrelations" name="test_overlap_computed" time="0.065" /><testcase classname="backend.tests.test_iter4_features.TestBackupRestore" name="test_backup_shape" time="0.060" /><testcase classname="backend.tests.test_iter4_features.TestBackupRestore" name="test_restore_replace_true" time="0.219" /><testcase classname="backend.tests.test_iter4_features.TestBackupRestore" name="test_restore_replace_false_appends" time="0.149" /><testcase classname="backend.tests.test_iter4_features.TestBackupRestore" name="test_round_trip" time="0.157" /><testcase classname="backend.tests.test_iter4_features.TestEventFilter" name="test_filter_composing" time="0.102" /><testcase classname="backend.tests.test_iter4_features.TestEventFilter" name="test_filter_recording" time="0.106" /><testcase classname="backend.tests.test_iter4_features.TestEventFilter" name="test_filter_profile_change" time="0.163" /></testsuite></testsuites>