<?xml version="1.0" encoding="utf-8"?><testsuites name="pytest tests"><testsuite name="pytest" errors="0" failures="0" skipped="0" tests="21" time="1.715" timestamp="2026-04-26T06:38:36.326015+00:00" hostname="agent-env-d53ac045-5c02-4203-918d-79ec1e999a6d"><testcase classname="backend.tests.test_alert_rules.TestRegressionSmoke" name="test_status_ok" time="0.194" /><testcase classname="backend.tests.test_alert_rules.TestRegressionSmoke" name="test_monitors_list_ok" time="0.050" /><testcase classname="backend.tests.test_alert_rules.TestRegressionSmoke" name="test_events_list_ok" time="0.051" /><testcase classname="backend.tests.test_alert_rules.TestRegressionSmoke" name="test_settings_get_ok" time="0.046" /><testcase classname="backend.tests.test_alert_rules.TestAlertRulesCRUD" name="test_initial_list_returns_array" time="0.046" /><testcase classname="backend.tests.test_alert_rules.TestAlertRulesCRUD" name="test_create_forbidden_online" time="0.096" /><testcase classname="backend.tests.test_alert_rules.TestAlertRulesCRUD" name="test_create_expected_online_stores_grace_minutes" time="0.060" /><testcase classname="backend.tests.test_alert_rules.TestAlertRulesCRUD" name="test_create_inactivity_stores_max_silence_hours" time="0.045" /><testcase classname="backend.tests.test_alert_rules.TestAlertRulesCRUD" name="test_create_invalid_type_returns_400_with_valid_list" time="0.042" /><testcase classname="backend.tests.test_alert_rules.TestAlertRulesCRUD" name="test_create_invalid_phone_returns_400" time="0.040" /><testcase classname="backend.tests.test_alert_rules.TestAlertRulesCRUD" name="test_days_of_week_sanitization_drops_invalid" time="0.042" /><testcase classname="backend.tests.test_alert_rules.TestAlertRulesCRUD" name="test_start_hour_clamped" time="0.049" /><testcase classname="backend.tests.test_alert_rules.TestAlertRulesCRUD" name="test_list_sorted_by_created_at_desc" time="0.043" /><testcase classname="backend.tests.test_alert_rules.TestAlertRulesCRUD" name="test_patch_enabled_false" time="0.133" /><testcase classname="backend.tests.test_alert_rules.TestAlertRulesCRUD" name="test_patch_multiple_fields" time="0.089" /><testcase classname="backend.tests.test_alert_rules.TestAlertRulesCRUD" name="test_patch_empty_body_returns_400" time="0.088" /><testcase classname="backend.tests.test_alert_rules.TestAlertRulesCRUD" name="test_patch_nonexistent_returns_404" time="0.045" /><testcase classname="backend.tests.test_alert_rules.TestAlertRulesCRUD" name="test_delete_rule_and_404_on_second_delete" time="0.132" /><testcase classname="backend.tests.test_alert_rules.TestAlertTrigger" name="test_evaluate_and_trigger_forbidden_online_with_cooldown" time="0.255" /><testcase classname="backend.tests.test_alert_rules.TestAlertTrigger" name="test_evaluate_forbidden_online_outside_window_does_not_fire" time="0.000" /><testcase classname="backend.tests.test_alert_rules.TestAlertTrigger" name="test_evaluate_inactivity_fires_when_silent_long_enough" time="0.009" /></testsuite></testsuites>