<?xml version="1.0" encoding="utf-8"?><testsuites name="pytest tests"><testsuite name="pytest" errors="0" failures="1" skipped="0" tests="74" time="14.677" timestamp="2026-04-26T20:04:03.087707+00:00" hostname="agent-env-d53ac045-5c02-4203-918d-79ec1e999a6d"><testcase classname="backend.tests.test_alert_rules.TestRegressionSmoke" name="test_status_ok" time="0.212" /><testcase classname="backend.tests.test_alert_rules.TestRegressionSmoke" name="test_monitors_list_ok" time="0.051" /><testcase classname="backend.tests.test_alert_rules.TestRegressionSmoke" name="test_events_list_ok" time="0.072" /><testcase classname="backend.tests.test_alert_rules.TestRegressionSmoke" name="test_settings_get_ok" time="0.054" /><testcase classname="backend.tests.test_alert_rules.TestAlertRulesCRUD" name="test_initial_list_returns_array" time="0.049" /><testcase classname="backend.tests.test_alert_rules.TestAlertRulesCRUD" name="test_create_forbidden_online" time="0.101" /><testcase classname="backend.tests.test_alert_rules.TestAlertRulesCRUD" name="test_create_expected_online_stores_grace_minutes" time="0.051" /><testcase classname="backend.tests.test_alert_rules.TestAlertRulesCRUD" name="test_create_inactivity_stores_max_silence_hours" time="0.047" /><testcase classname="backend.tests.test_alert_rules.TestAlertRulesCRUD" name="test_create_invalid_type_returns_400_with_valid_list" time="0.048" /><testcase classname="backend.tests.test_alert_rules.TestAlertRulesCRUD" name="test_create_invalid_phone_returns_400" time="0.047" /><testcase classname="backend.tests.test_alert_rules.TestAlertRulesCRUD" name="test_days_of_week_sanitization_drops_invalid" time="0.051" /><testcase classname="backend.tests.test_alert_rules.TestAlertRulesCRUD" name="test_start_hour_clamped" time="0.052" /><testcase classname="backend.tests.test_alert_rules.TestAlertRulesCRUD" name="test_list_sorted_by_created_at_desc" time="0.046" /><testcase classname="backend.tests.test_alert_rules.TestAlertRulesCRUD" name="test_patch_enabled_false" time="0.184" /><testcase classname="backend.tests.test_alert_rules.TestAlertRulesCRUD" name="test_patch_multiple_fields" time="0.100" /><testcase classname="backend.tests.test_alert_rules.TestAlertRulesCRUD" name="test_patch_empty_body_returns_400" time="0.095" /><testcase classname="backend.tests.test_alert_rules.TestAlertRulesCRUD" name="test_patch_nonexistent_returns_404" time="0.047" /><testcase classname="backend.tests.test_alert_rules.TestAlertRulesCRUD" name="test_delete_rule_and_404_on_second_delete" time="0.148" /><testcase classname="backend.tests.test_alert_rules.TestAlertTrigger" name="test_evaluate_and_trigger_forbidden_online_with_cooldown" time="0.255" /><testcase classname="backend.tests.test_alert_rules.TestAlertTrigger" name="test_evaluate_forbidden_online_outside_window_does_not_fire" time="0.001" /><testcase classname="backend.tests.test_alert_rules.TestAlertTrigger" name="test_evaluate_inactivity_fires_when_silent_long_enough" time="0.010" /><testcase classname="backend.tests.test_iter4_features.TestRegressionSmoke" name="test_status" time="0.143" /><testcase classname="backend.tests.test_iter4_features.TestRegressionSmoke" name="test_monitors" time="0.056" /><testcase classname="backend.tests.test_iter4_features.TestRegressionSmoke" name="test_events" time="0.060" /><testcase classname="backend.tests.test_iter4_features.TestRegressionSmoke" name="test_settings" time="0.056" /><testcase classname="backend.tests.test_iter4_features.TestRegressionSmoke" name="test_alert_rules" time="0.065" /><testcase classname="backend.tests.test_iter4_features.TestInternalSecret" name="test_missing_secret_returns_401" time="0.055" /><testcase classname="backend.tests.test_iter4_features.TestInternalSecret" name="test_wrong_secret_returns_401" time="0.055" /><testcase classname="backend.tests.test_iter4_features.TestActivityWebhook" name="test_composing_inserts_event" time="0.108" /><testcase classname="backend.tests.test_iter4_features.TestActivityWebhook" name="test_recording_inserts_event" time="0.110" /><testcase classname="backend.tests.test_iter4_features.TestLastSeenUpdate" name="test_updates_monitor_last_seen_public" time="0.061" /><testcase classname="backend.tests.test_iter4_features.TestProfileSnapshots" name="test_first_snapshot_no_event" time="0.154" /><testcase classname="backend.tests.test_iter4_features.TestProfileSnapshots" name="test_profile_change_inserts_snapshot_and_event" time="0.200" /><testcase classname="backend.tests.test_iter4_features.TestProfileSnapshots" name="test_snapshots_sorted_desc" time="0.212" /><testcase classname="backend.tests.test_iter4_features.TestHeatmap" name="test_heatmap_grid_shape_and_total" time="0.064" /><testcase classname="backend.tests.test_iter4_features.TestHeatmap" name="test_heatmap_days_clamped" time="0.105" /><testcase classname="backend.tests.test_iter4_features.TestAnomalies" name="test_insufficient_history" time="0.059" /><testcase classname="backend.tests.test_iter4_features.TestCorrelations" name="test_needs_at_least_2_monitors" time="0.076" /><testcase classname="backend.tests.test_iter4_features.TestCorrelations" name="test_overlap_computed" time="0.092" /><testcase classname="backend.tests.test_iter4_features.TestBackupRestore" name="test_backup_shape" time="0.080" /><testcase classname="backend.tests.test_iter4_features.TestBackupRestore" name="test_restore_replace_true" time="0.233" /><testcase classname="backend.tests.test_iter4_features.TestBackupRestore" name="test_restore_replace_false_appends" time="0.163" /><testcase classname="backend.tests.test_iter4_features.TestBackupRestore" name="test_round_trip" time="0.163" /><testcase classname="backend.tests.test_iter4_features.TestEventFilter" name="test_filter_composing" time="0.107" /><testcase classname="backend.tests.test_iter4_features.TestEventFilter" name="test_filter_recording" time="0.114" /><testcase classname="backend.tests.test_iter4_features.TestEventFilter" name="test_filter_profile_change" time="0.155" /><testcase classname="backend.tests.test_wa_monitor.TestWhatsappProxy" name="test_status_has_state_field" time="0.386" /><testcase classname="backend.tests.test_wa_monitor.TestWhatsappProxy" name="test_qr_returns_state_qr_code_mode" time="0.286" /><testcase classname="backend.tests.test_wa_monitor.TestPairing" name="test_set_pairing_mode_code" time="0.108" /><testcase classname="backend.tests.test_wa_monitor.TestPairing" name="test_set_pairing_mode_qr" time="0.077" /><testcase classname="backend.tests.test_wa_monitor.TestPairing" name="test_pairing_code_invalid_phone_returns_400" time="0.080" /><testcase classname="backend.tests.test_wa_monitor.TestPairing" name="test_pairing_code_valid_phone" time="0.247" /><testcase classname="backend.tests.test_wa_monitor.TestMonitors" name="test_list_monitors_returns_array" time="0.047" /><testcase classname="backend.tests.test_wa_monitor.TestMonitors" name="test_add_monitor_when_client_not_ready_returns_409" time="0.089"><failure message="AssertionError: unexpected 502: {&quot;detail&quot;:&quot;whatsapp service unreachable: All connection attempts failed&quot;}&#10;assert 502 == 409&#10; +  where 502 = &lt;Response [502]&gt;.status_code">backend/tests/test_wa_monitor.py:155: in test_add_monitor_when_client_not_ready_returns_409
    assert r.status_code == 409, f"unexpected {r.status_code}: {r.text}"
E   AssertionError: unexpected 502: {"detail":"whatsapp service unreachable: All connection attempts failed"}
E   assert 502 == 409
E    +  where 502 = &lt;Response [502]&gt;.status_code</failure></testcase><testcase classname="backend.tests.test_wa_monitor.TestMonitors" name="test_add_monitor_invalid_phone_returns_400" time="0.047" /><testcase classname="backend.tests.test_wa_monitor.TestMonitors" name="test_patch_monitor_label_updates_and_get_returns_label" time="0.073" /><testcase classname="backend.tests.test_wa_monitor.TestMonitors" name="test_patch_monitor_label_success_when_exists" time="0.123" /><testcase classname="backend.tests.test_wa_monitor.TestMonitors" name="test_delete_monitor_idempotent" time="0.174" /><testcase classname="backend.tests.test_wa_monitor.TestEventsFiltersAndCSV" name="test_events_filter_by_phone" time="1.789" /><testcase classname="backend.tests.test_wa_monitor.TestEventsFiltersAndCSV" name="test_events_filter_by_event_type" time="1.198" /><testcase classname="backend.tests.test_wa_monitor.TestEventsFiltersAndCSV" name="test_events_export_csv_has_correct_header_and_content_type" time="1.145" /><testcase classname="backend.tests.test_wa_monitor.TestEventsFiltersAndCSV" name="test_events_export_csv_filters" time="0.979" /><testcase classname="backend.tests.test_wa_monitor.TestSettings" name="test_default_settings_have_daily_summary_fields" time="0.097" /><testcase classname="backend.tests.test_wa_monitor.TestSettings" name="test_update_daily_summary_persists" time="0.107" /><testcase classname="backend.tests.test_wa_monitor.TestSettings" name="test_email_enabled_without_recipient_returns_400" time="0.047" /><testcase classname="backend.tests.test_wa_monitor.TestSettings" name="test_daily_summary_hour_clamped_to_23" time="0.047" /><testcase classname="backend.tests.test_wa_monitor.TestSettings" name="test_send_summary_now_disabled_returns_400" time="0.100" /><testcase classname="backend.tests.test_wa_monitor.TestSettings" name="test_send_summary_now_success_path" time="0.391" /><testcase classname="backend.tests.test_wa_monitor.TestInternalWebhookAuth" name="test_no_secret_returns_401" time="0.153" /><testcase classname="backend.tests.test_wa_monitor.TestInternalWebhookAuth" name="test_wrong_secret_returns_401" time="0.114" /><testcase classname="backend.tests.test_wa_monitor.TestInternalWebhookAuth" name="test_valid_secret_client_state_succeeds" time="0.661" /><testcase classname="backend.tests.test_wa_monitor.TestInternalWebhookAuth" name="test_valid_secret_presence_succeeds" time="0.603" /><testcase classname="backend.tests.test_wa_monitor.TestWebSocket" name="test_ws_hello_message" time="0.225" /><testcase classname="backend.tests.test_wa_monitor.TestWebSocket" name="test_ws_receives_broadcast_on_internal_event" time="0.525" /></testsuite></testsuites>