<?xml version="1.0" encoding="utf-8"?><testsuites name="pytest tests"><testsuite name="pytest" errors="0" failures="0" skipped="0" tests="15" time="3.511" timestamp="2026-04-25T17:19:10.067927+00:00" hostname="agent-env-d53ac045-5c02-4203-918d-79ec1e999a6d"><testcase classname="backend.tests.test_wa_monitor.TestWhatsappProxy" name="test_status_has_state_field" time="0.186" /><testcase classname="backend.tests.test_wa_monitor.TestWhatsappProxy" name="test_qr_returns_state_and_qr" time="0.077" /><testcase classname="backend.tests.test_wa_monitor.TestMonitors" name="test_list_monitors_returns_array" time="0.051" /><testcase classname="backend.tests.test_wa_monitor.TestMonitors" name="test_add_monitor_when_client_not_ready_returns_409" time="0.075" /><testcase classname="backend.tests.test_wa_monitor.TestMonitors" name="test_add_monitor_invalid_phone_returns_400" time="0.047" /><testcase classname="backend.tests.test_wa_monitor.TestMonitors" name="test_delete_monitor_idempotent" time="0.142" /><testcase classname="backend.tests.test_wa_monitor.TestEvents" name="test_list_events_returns_array" time="0.048" /><testcase classname="backend.tests.test_wa_monitor.TestEvents" name="test_clear_events" time="0.107" /><testcase classname="backend.tests.test_wa_monitor.TestSettings" name="test_default_settings" time="0.108" /><testcase classname="backend.tests.test_wa_monitor.TestSettings" name="test_update_settings_and_persist" time="0.154" /><testcase classname="backend.tests.test_wa_monitor.TestInternalEvent" name="test_client_state_event_logged" time="0.639" /><testcase classname="backend.tests.test_wa_monitor.TestInternalEvent" name="test_presence_event_logged_and_persisted" time="1.241" /><testcase classname="backend.tests.test_wa_monitor.TestInternalEvent" name="test_unknown_event_type_ignored" time="0.046" /><testcase classname="backend.tests.test_wa_monitor.TestWebSocket" name="test_ws_hello_message" time="0.198" /><testcase classname="backend.tests.test_wa_monitor.TestWebSocket" name="test_ws_receives_broadcast_on_internal_event" time="0.310" /></testsuite></testsuites>