<?xml version="1.0" encoding="utf-8"?><testsuites name="pytest tests"><testsuite name="pytest" errors="0" failures="0" skipped="0" tests="28" time="8.376" timestamp="2026-04-25T17:57:25.911664+00:00" hostname="agent-env-d53ac045-5c02-4203-918d-79ec1e999a6d"><testcase classname="backend.tests.test_wa_monitor.TestWhatsappProxy" name="test_status_has_state_field" time="0.368" /><testcase classname="backend.tests.test_wa_monitor.TestWhatsappProxy" name="test_qr_returns_state_qr_code_mode" time="0.072" /><testcase classname="backend.tests.test_wa_monitor.TestPairing" name="test_set_pairing_mode_code" time="0.081" /><testcase classname="backend.tests.test_wa_monitor.TestPairing" name="test_set_pairing_mode_qr" time="0.068" /><testcase classname="backend.tests.test_wa_monitor.TestPairing" name="test_pairing_code_invalid_phone_returns_400" time="0.045" /><testcase classname="backend.tests.test_wa_monitor.TestPairing" name="test_pairing_code_valid_phone" time="0.274" /><testcase classname="backend.tests.test_wa_monitor.TestMonitors" name="test_list_monitors_returns_array" time="0.046" /><testcase classname="backend.tests.test_wa_monitor.TestMonitors" name="test_add_monitor_when_client_not_ready_returns_409" time="0.068" /><testcase classname="backend.tests.test_wa_monitor.TestMonitors" name="test_add_monitor_invalid_phone_returns_400" time="0.044" /><testcase classname="backend.tests.test_wa_monitor.TestMonitors" name="test_patch_monitor_label_updates_and_get_returns_label" time="0.049" /><testcase classname="backend.tests.test_wa_monitor.TestMonitors" name="test_patch_monitor_label_success_when_exists" time="0.111" /><testcase classname="backend.tests.test_wa_monitor.TestMonitors" name="test_delete_monitor_idempotent" time="0.143" /><testcase classname="backend.tests.test_wa_monitor.TestEventsFiltersAndCSV" name="test_events_filter_by_phone" time="0.958" /><testcase classname="backend.tests.test_wa_monitor.TestEventsFiltersAndCSV" name="test_events_filter_by_event_type" time="0.965" /><testcase classname="backend.tests.test_wa_monitor.TestEventsFiltersAndCSV" name="test_events_export_csv_has_correct_header_and_content_type" time="0.910" /><testcase classname="backend.tests.test_wa_monitor.TestEventsFiltersAndCSV" name="test_events_export_csv_filters" time="0.930" /><testcase classname="backend.tests.test_wa_monitor.TestSettings" name="test_default_settings_have_daily_summary_fields" time="0.093" /><testcase classname="backend.tests.test_wa_monitor.TestSettings" name="test_update_daily_summary_persists" time="0.093" /><testcase classname="backend.tests.test_wa_monitor.TestSettings" name="test_email_enabled_without_recipient_returns_400" time="0.043" /><testcase classname="backend.tests.test_wa_monitor.TestSettings" name="test_daily_summary_hour_clamped_to_23" time="0.084" /><testcase classname="backend.tests.test_wa_monitor.TestSettings" name="test_send_summary_now_disabled_returns_400" time="0.106" /><testcase classname="backend.tests.test_wa_monitor.TestSettings" name="test_send_summary_now_success_path" time="0.409" /><testcase classname="backend.tests.test_wa_monitor.TestInternalWebhookAuth" name="test_no_secret_returns_401" time="0.155" /><testcase classname="backend.tests.test_wa_monitor.TestInternalWebhookAuth" name="test_wrong_secret_returns_401" time="0.111" /><testcase classname="backend.tests.test_wa_monitor.TestInternalWebhookAuth" name="test_valid_secret_client_state_succeeds" time="0.634" /><testcase classname="backend.tests.test_wa_monitor.TestInternalWebhookAuth" name="test_valid_secret_presence_succeeds" time="0.608" /><testcase classname="backend.tests.test_wa_monitor.TestWebSocket" name="test_ws_hello_message" time="0.176" /><testcase classname="backend.tests.test_wa_monitor.TestWebSocket" name="test_ws_receives_broadcast_on_internal_event" time="0.555" /></testsuite></testsuites>